2025-04-06T14:21:22.806Z [info]: Fetching streak by ID: 67f244650750e095122ae3a9
2025-04-06T14:21:22.815Z [warn]: Streak with ID: 67f244650750e095122ae3a9 not found
2025-04-06T14:21:26.499Z [info]: Fetching streak by ID: 67f244650750e095122ae3a9
2025-04-06T14:21:26.502Z [warn]: Streak with ID: 67f244650750e095122ae3a9 not found
2025-04-06T14:21:37.784Z [info]: Fetching streak by ID: 123
2025-04-06T14:21:37.795Z [info]: Streak with ID: 123 found
2025-04-06T14:21:37.805Z [info]: Fetching streak by ID: 123
2025-04-06T14:21:37.806Z [warn]: Streak with ID: 123 not found
2025-04-06T14:21:37.807Z [info]: Creating or updating streak for user: test@example.com, type: DAILY
2025-04-06T14:21:37.808Z [info]: Creating new streak for user: test@example.com, type: DAILY
2025-04-06T14:21:37.810Z [info]: Creating or updating streak for user: test@example.com, type: DAILY
2025-04-06T14:21:37.811Z [info]: Updating existing streak for user: test@example.com, type: DAILY
2025-04-06T14:21:37.812Z [info]: Deleting streak with ID: 123
2025-04-06T14:21:37.813Z [info]: Streak with ID: 123 deleted
2025-04-06T14:21:37.814Z [info]: Deleting streak with ID: 123
2025-04-06T14:21:37.814Z [warn]: No streak found with ID: 123
2025-04-06T14:22:52.876Z [info]: Fetching streak by ID: 123
2025-04-06T14:22:52.888Z [info]: Streak with ID: 123 found
2025-04-06T14:22:52.898Z [info]: Fetching streak by ID: 123
2025-04-06T14:22:52.898Z [warn]: Streak with ID: 123 not found
2025-04-06T14:22:52.900Z [info]: Creating or updating streak for user: test@example.com, type: DAILY
2025-04-06T14:22:52.900Z [info]: Creating new streak for user: test@example.com, type: DAILY
2025-04-06T14:22:52.903Z [info]: Creating or updating streak for user: test@example.com, type: DAILY
2025-04-06T14:22:52.903Z [info]: Updating existing streak for user: test@example.com, type: DAILY
2025-04-06T14:22:52.905Z [info]: Deleting streak with ID: 123
2025-04-06T14:22:52.905Z [info]: Streak with ID: 123 deleted
2025-04-06T14:22:52.907Z [info]: Deleting streak with ID: 123
2025-04-06T14:22:52.907Z [warn]: No streak found with ID: 123
2025-04-06T14:23:14.736Z [info]: Fetching streak by ID: 123
2025-04-06T14:23:14.749Z [info]: Streak with ID: 123 found
2025-04-06T14:23:14.760Z [info]: Fetching streak by ID: 123
2025-04-06T14:23:14.761Z [warn]: Streak with ID: 123 not found
2025-04-06T14:23:14.762Z [info]: Creating or updating streak for user: test@example.com, type: DAILY
2025-04-06T14:23:14.763Z [info]: Creating new streak for user: test@example.com, type: DAILY
2025-04-06T14:23:14.765Z [info]: Creating or updating streak for user: test@example.com, type: DAILY
2025-04-06T14:23:14.766Z [info]: Updating existing streak for user: test@example.com, type: DAILY
2025-04-06T14:23:14.767Z [info]: Deleting streak with ID: 123
2025-04-06T14:23:14.768Z [info]: Streak with ID: 123 deleted
2025-04-06T14:23:14.769Z [info]: Deleting streak with ID: 123
2025-04-06T14:23:14.770Z [warn]: No streak found with ID: 123
2025-04-06T14:23:48.191Z [info]: Fetching streak by ID: 123
2025-04-06T14:23:48.205Z [info]: Streak with ID: 123 found
2025-04-06T14:23:48.214Z [info]: Fetching streak by ID: 123
2025-04-06T14:23:48.215Z [warn]: Streak with ID: 123 not found
2025-04-06T14:23:48.216Z [info]: Creating or updating streak for user: test@example.com, type: DAILY
2025-04-06T14:23:48.217Z [info]: Creating new streak for user: test@example.com, type: DAILY
2025-04-06T14:23:48.219Z [info]: Creating or updating streak for user: test@example.com, type: DAILY
2025-04-06T14:23:48.220Z [info]: Updating existing streak for user: test@example.com, type: DAILY
2025-04-06T14:23:48.221Z [info]: Deleting streak with ID: 123
2025-04-06T14:23:48.222Z [info]: Streak with ID: 123 deleted
2025-04-06T14:23:48.223Z [info]: Deleting streak with ID: 123
2025-04-06T14:23:48.223Z [warn]: No streak found with ID: 123
2025-04-06T14:24:06.504Z [info]: Fetching streak by ID: 67f244650750e095122ae3a9
2025-04-06T14:24:06.513Z [warn]: Streak with ID: 67f244650750e095122ae3a9 not found
2025-04-06T14:24:07.880Z [info]: Fetching streak by ID: 67f244650750e095122ae3a9
2025-04-06T14:24:07.883Z [warn]: Streak with ID: 67f244650750e095122ae3a9 not found
2025-04-06T14:24:09.432Z [info]: Fetching streak by ID: 67f244650750e095122ae3a9
2025-04-06T14:24:09.435Z [warn]: Streak with ID: 67f244650750e095122ae3a9 not found
2025-04-06T14:45:57.582Z [info]: Fetching streak by ID: 67f244650750e095122ae3a9
2025-04-06T14:45:57.591Z [warn]: Streak with ID: 67f244650750e095122ae3a9 not found
2025-04-06T14:45:59.690Z [info]: Fetching streak by ID: 67f244650750e095122ae3a9
2025-04-06T14:45:59.694Z [warn]: Streak with ID: 67f244650750e095122ae3a9 not found
2025-04-06T14:47:05.323Z [info]: Fetching award with ID: 67f244a60750e095122ae3af
2025-04-06T14:47:05.335Z [info]: Award found with ID: 67f244a60750e095122ae3af
2025-04-06T14:47:10.265Z [info]: Creating award with data: {"name":"Nagrada 3","description":"Opis nagrade","pointsNeeded":4500,"createdBy":"kotnik.vid@gmail.com"}
2025-04-06T14:47:17.489Z [info]: Creating award with data: {"name":"Nagrada 4","description":"Opis nagrade","pointsNeeded":4500,"createdBy":"kotnik.vid@gmail.com"}
2025-04-06T14:47:17.493Z [info]: Award created with ID: 67f293f5e96a1cbef4c7f3e7
2025-04-06T14:47:36.549Z [info]: Creating or updating streak for user: kotnik.vid@gmail.com, type: DAILY
2025-04-06T14:47:36.552Z [info]: Creating new streak for user: kotnik.vid@gmail.com, type: DAILY
2025-04-06T14:47:41.370Z [info]: Updating award with ID: 67f2888e57f05b515fccc882
2025-04-06T14:47:41.373Z [warn]: No award found to update with ID: 67f2888e57f05b515fccc882
2025-04-06T14:47:46.284Z [info]: Updating streak with ID: 67f244650750e095122ae3a9
2025-04-06T14:47:46.287Z [warn]: Streak with ID: 67f244650750e095122ae3a9 not found
2025-04-06T14:47:50.682Z [info]: Deleting award with ID: 67f2888e57f05b515fccc882
2025-04-06T14:47:50.685Z [warn]: No award found to delete with ID: 67f2888e57f05b515fccc882
2025-04-06T14:47:53.500Z [info]: Deleting streak with ID: 67f244650750e095122ae3a9
2025-04-06T14:47:53.503Z [warn]: No streak found with ID: 67f244650750e095122ae3a9
2025-04-06T14:47:59.596Z [info]: Sent message for eligible awards to RabbitMQ for points: 5000, email: kotnik.vid@gmail.com
2025-04-06T14:49:41.187Z [info]: Sent message for eligible awards to RabbitMQ for points: 5000, email: kotnik.vid@gmail.com
2025-04-06T14:49:56.432Z [info]: Fetching streak by ID: 123
2025-04-06T14:49:56.444Z [info]: Streak with ID: 123 found
2025-04-06T14:49:56.455Z [info]: Fetching streak by ID: 123
2025-04-06T14:49:56.456Z [warn]: Streak with ID: 123 not found
2025-04-06T14:49:56.458Z [info]: Creating or updating streak for user: test@example.com, type: DAILY
2025-04-06T14:49:56.460Z [info]: Creating new streak for user: test@example.com, type: DAILY
2025-04-06T14:49:56.463Z [info]: Creating or updating streak for user: test@example.com, type: DAILY
2025-04-06T14:49:56.464Z [info]: Updating existing streak for user: test@example.com, type: DAILY
2025-04-06T14:49:56.466Z [info]: Deleting streak with ID: 123
2025-04-06T14:49:56.466Z [info]: Streak with ID: 123 deleted
2025-04-06T14:49:56.468Z [info]: Deleting streak with ID: 123
2025-04-06T14:49:56.468Z [warn]: No streak found with ID: 123
2025-04-06T14:49:56.421Z [info]: Fetching award with ID: 123
2025-04-06T14:49:56.437Z [info]: Award found with ID: 123
2025-04-06T14:49:56.448Z [info]: Fetching award with ID: 123
2025-04-06T14:49:56.449Z [warn]: No award found with ID: 123
2025-04-06T14:49:56.450Z [info]: Fetching awards for user with email: test@example.com
2025-04-06T14:49:56.451Z [info]: Found 2 awards for user: test@example.com
2025-04-06T14:49:56.452Z [info]: Creating award with data: {"name":"New Award","description":"Desc","pointsNeeded":15}
2025-04-06T14:49:56.453Z [info]: Award created with ID: undefined
2025-04-06T14:49:56.455Z [info]: Updating award with ID: 123
2025-04-06T14:49:56.456Z [info]: Award with ID: 123 updated
2025-04-06T14:49:56.458Z [info]: Updating award with ID: 123
2025-04-06T14:49:56.459Z [warn]: No award found to update with ID: 123
2025-04-06T14:49:56.461Z [info]: Deleting award with ID: 123
2025-04-06T14:49:56.462Z [info]: Award with ID: 123 deleted
2025-04-06T14:49:56.464Z [info]: Deleting award with ID: nonexistent
2025-04-06T14:49:56.464Z [warn]: No award found to delete with ID: nonexistent
2025-04-06T14:49:56.465Z [info]: Fetching award with ID: 123
2025-04-06T14:51:23.504Z [info]: Fetching streak by ID: 123
2025-04-06T14:51:23.515Z [info]: Streak with ID: 123 found
2025-04-06T14:51:23.525Z [info]: Fetching streak by ID: 123
2025-04-06T14:51:23.526Z [warn]: Streak with ID: 123 not found
2025-04-06T14:51:23.527Z [info]: Creating or updating streak for user: test@example.com, type: DAILY
2025-04-06T14:51:23.528Z [info]: Creating new streak for user: test@example.com, type: DAILY
2025-04-06T14:51:23.530Z [info]: Creating or updating streak for user: test@example.com, type: DAILY
2025-04-06T14:51:23.530Z [info]: Updating existing streak for user: test@example.com, type: DAILY
2025-04-06T14:51:23.532Z [info]: Deleting streak with ID: 123
2025-04-06T14:51:23.532Z [info]: Streak with ID: 123 deleted
2025-04-06T14:51:23.534Z [info]: Deleting streak with ID: 123
2025-04-06T14:51:23.534Z [warn]: No streak found with ID: 123
2025-04-06T14:51:23.525Z [info]: Fetching award with ID: 123
2025-04-06T14:51:23.537Z [info]: Award found with ID: 123
2025-04-06T14:51:23.547Z [info]: Fetching award with ID: 123
2025-04-06T14:51:23.547Z [warn]: No award found with ID: 123
2025-04-06T14:51:23.551Z [info]: Fetching awards for user with email: test@example.com
2025-04-06T14:51:23.551Z [info]: Found 2 awards for user: test@example.com
2025-04-06T14:51:23.553Z [info]: Creating award with data: {"name":"New Award","description":"Desc","pointsNeeded":15}
2025-04-06T14:51:23.554Z [info]: Award created with ID: undefined
2025-04-06T14:51:23.555Z [info]: Updating award with ID: 123
2025-04-06T14:51:23.556Z [info]: Award with ID: 123 updated
2025-04-06T14:51:23.557Z [info]: Updating award with ID: 123
2025-04-06T14:51:23.557Z [warn]: No award found to update with ID: 123
2025-04-06T14:51:23.559Z [info]: Deleting award with ID: 123
2025-04-06T14:51:23.559Z [info]: Award with ID: 123 deleted
2025-04-06T14:51:23.560Z [info]: Deleting award with ID: nonexistent
2025-04-06T14:51:23.561Z [warn]: No award found to delete with ID: nonexistent
2025-04-06T14:51:23.563Z [info]: Fetching award with ID: 123
